<?xml version="1.0" encoding="UTF-8"?>
<!-- Generated by org.testng.reporters.JUnitReportReporter -->
<testsuite skipped="0" hostname="LAPTOP-N0G0NBDP" name="com.qa.testcases.Testcase1" tests="4" failures="0" timestamp="21 Mar 2021 17:55:26 GMT" time="21.142" errors="0">
  <testcase name="SearchboxTest" time="5.322" classname="com.qa.testcases.Testcase1"/>
  <testcase name="mainPageTest" time="4.295" classname="com.qa.testcases.Testcase1"/>
  <testcase name="CreateAccountPageTest" time="6.037" classname="com.qa.testcases.Testcase1"/>
  <testcase name="dropdownTest" time="5.488" classname="com.qa.testcases.Testcase1"/>
</testsuite> <!-- com.qa.testcases.Testcase1 -->
