<?xml version="1.0" encoding="UTF-8"?>
<!-- Generated by org.testng.reporters.JUnitReportReporter -->
<testsuite skipped="0" hostname="LAPTOP-N0G0NBDP" name="com.qa.testcases.Testcase1" tests="4" failures="0" timestamp="21 Mar 2021 17:56:54 GMT" time="21.260" errors="0">
  <testcase name="SearchboxTest" time="4.953" classname="com.qa.testcases.Testcase1"/>
  <testcase name="mainPageTest" time="4.547" classname="com.qa.testcases.Testcase1"/>
  <testcase name="CreateAccountPageTest" time="6.166" classname="com.qa.testcases.Testcase1"/>
  <testcase name="dropdownTest" time="5.594" classname="com.qa.testcases.Testcase1"/>
</testsuite> <!-- com.qa.testcases.Testcase1 -->
